<?xml version="1.0" encoding="UTF-8"?>
<testsuite xmlns:xsi="http://www.w3.org/2001/XMLSchema-instance" xsi:noNamespaceSchemaLocation="https://maven.apache.org/surefire/maven-surefire-plugin/xsd/surefire-test-report.xsd" name="tests.PersonalAccountNavigationTest" time="26.048" tests="3" errors="0" skipped="0" failures="0">
  <properties>
[...]
</properties>
  <testcase name="testNavigateToPersonalAccount" classname="tests.PersonalAccountNavigationTest" time="13.638"/>
  <testcase name="testNavigateToConstructor" classname="tests.PersonalAccountNavigationTest" time="5.748"/>
  <testcase name="testNavigateToMainPageViaLogo" classname="tests.PersonalAccountNavigationTest" time="6.65"/>
</testsuite>